c:\users\atu\source\repos\spreadsheetapplıcatıon\spreadsheetapplıcatıon\debug\vc142.pdb
c:\users\atu\source\repos\spreadsheetapplıcatıon\spreadsheetapplıcatıon\debug\vc142.ıdb
c:\users\atu\source\repos\spreadsheetapplıcatıon\spreadsheetapplıcatıon\debug\maın.obj
c:\users\atu\source\repos\spreadsheetapplıcatıon\spreadsheetapplıcatıon\debug\expressıon.obj
c:\users\atu\source\repos\spreadsheetapplıcatıon\spreadsheetapplıcatıon\debug\strıng2ıntconversıon.obj
c:\users\atu\source\repos\spreadsheetapplıcatıon\spreadsheetapplıcatıon\debug\cell.obj
c:\users\atu\source\repos\spreadsheetapplıcatıon\spreadsheetapplıcatıon\debug\solutıon.obj
c:\users\atu\source\repos\spreadsheetapplıcatıon\debug\spreadsheetapplıcatıon.exe
c:\users\atu\source\repos\spreadsheetapplıcatıon\spreadsheetapplıcatıon\debug\spreadsheetapplıcatıon.ılk
c:\users\atu\source\repos\spreadsheetapplıcatıon\debug\spreadsheetapplıcatıon.pdb
c:\users\atu\source\repos\spreadsheetapplication\spreadsheetapplication\debug\cell.obj
c:\users\atu\source\repos\spreadsheetapplication\spreadsheetapplication\debug\evaluate.obj
c:\users\atu\source\repos\spreadsheetapplication\spreadsheetapplication\debug\expression.obj
c:\users\atu\source\repos\spreadsheetapplication\spreadsheetapplication\debug\main.obj
c:\users\atu\source\repos\spreadsheetapplication\spreadsheetapplication\debug\queue.obj
c:\users\atu\source\repos\spreadsheetapplication\spreadsheetapplication\debug\solution.obj
c:\users\atu\source\repos\spreadsheetapplication\spreadsheetapplication\debug\stack.obj
c:\users\atu\source\repos\spreadsheetapplication\spreadsheetapplication\debug\string2ıntconversion.obj
c:\users\atu\source\repos\spreadsheetapplication\spreadsheetapplication\debug\expression.obj.enc
c:\users\atu\source\repos\spreadsheetapplication\spreadsheetapplication\debug\spreadsheetapplication.ilk
c:\users\atu\source\repos\spreadsheetapplication\spreadsheetapplication\debug\vc142.idb
c:\users\atu\source\repos\spreadsheetapplication\spreadsheetapplication\debug\vc142.pdb
c:\users\atu\source\repos\spreadsheetapplication\debug\spreadsheetapplication.pdb
c:\users\atu\source\repos\spreadsheetapplication\debug\spreadsheetapplication.exe
c:\users\atu\source\repos\spreadsheetapplication\spreadsheetapplication\debug\spreadsh.ef7e5f89.tlog\cl.command.1.tlog
c:\users\atu\source\repos\spreadsheetapplication\spreadsheetapplication\debug\spreadsh.ef7e5f89.tlog\cl.read.1.tlog
c:\users\atu\source\repos\spreadsheetapplication\spreadsheetapplication\debug\spreadsh.ef7e5f89.tlog\cl.write.1.tlog
c:\users\atu\source\repos\spreadsheetapplication\spreadsheetapplication\debug\spreadsh.ef7e5f89.tlog\link.command.1.tlog
c:\users\atu\source\repos\spreadsheetapplication\spreadsheetapplication\debug\spreadsh.ef7e5f89.tlog\link.read.1.tlog
c:\users\atu\source\repos\spreadsheetapplication\spreadsheetapplication\debug\spreadsh.ef7e5f89.tlog\link.write.1.tlog
